INFO 2023-04-23 18:30:33,270 views 8932 14452 user: darshan is logged in
INFO 2023-04-23 18:44:42,000 views 3748 6508 user: AB Group is logged in
INFO 2023-04-23 20:13:16,566 views 13168 20816 user: darshan is logged in
INFO 2023-04-23 20:38:17,883 views 14832 24164 user: AB Group is logged in
INFO 2023-04-23 22:07:09,742 views 24020 16976 user: darshan is logged in
INFO 2023-04-23 22:37:35,870 views 1596 4000 user: darshan is logged in
INFO 2023-04-24 00:13:36,982 views 14764 22652 user: ABC is logged in
INFO 2023-04-24 00:15:30,060 views 14764 22652 user: darshan is logged in
INFO 2023-04-24 02:06:36,270 views 22068 21256 user: LJ Group is logged in
INFO 2023-04-25 13:45:50,986 views 3084 12040 user: raj is logged in
INFO 2023-04-26 10:20:20,452 views 708 5008 user: AB Group is logged in
INFO 2023-04-26 10:39:04,884 views 21216 6116 user: yash is logged in
INFO 2023-04-26 21:25:37,632 views 20520 26976 user: yash is logged in
INFO 2023-04-26 21:52:05,455 views 20520 18816 user: vasu is logged in
INFO 2023-04-26 21:55:30,551 views 25856 23572 user: vasu is logged in
INFO 2023-04-26 22:34:59,337 views 15472 26488 user: vasu is logged in
INFO 2023-04-27 13:29:50,891 views 18644 15512 user: LJ Group is logged in
INFO 2023-04-27 20:25:59,808 views 10452 24592 user: LJ Group is logged in
INFO 2023-04-27 20:39:15,496 views 13880 22768 user: LJ Group is logged in
INFO 2023-04-27 20:41:08,427 views 13880 22768 user: LJ Group is logged in
INFO 2023-04-27 20:44:40,271 views 25188 17792 user: LJ Group is logged in
INFO 2023-04-27 21:09:49,949 views 20248 12636 user: vasu is logged in
INFO 2023-04-27 21:09:53,417 views 20248 12636 user: vasu is logged in
INFO 2023-04-27 21:10:19,157 views 20248 23964 user: vasu is logged in
INFO 2023-04-27 21:10:21,166 views 20248 12636 user: vasu is logged in
INFO 2023-04-27 21:14:55,195 views 20748 20148 user: vasu is logged in
INFO 2023-04-27 21:15:25,066 views 20748 10808 user: vasu is logged in
INFO 2023-04-29 13:59:04,744 views 26804 25064 user: LJ Group is logged in
INFO 2023-04-29 13:59:20,564 views 26804 25064 user: LJ Group is logged in
INFO 2023-04-29 13:59:47,921 views 26804 14592 user: LJ Group is logged in
INFO 2023-04-29 14:07:01,151 views 23136 10140 user: LJ Group is logged in
INFO 2023-04-29 14:07:37,428 views 23136 22288 user: vasu is logged in
INFO 2023-04-29 14:09:13,307 views 23136 20112 user: LJ Group is logged in
INFO 2023-04-29 14:09:26,047 views 23136 20112 user: vasu is logged in
INFO 2023-04-29 14:10:55,254 views 23136 20112 user: LJ Group is logged in
INFO 2023-04-29 14:11:12,230 views 23136 20112 user: LJ Group is logged in
INFO 2023-04-29 14:11:20,419 views 23136 24684 user: LJ Group is logged in
INFO 2023-04-29 14:11:21,250 views 23136 24684 user: LJ Group is logged in
INFO 2023-04-29 14:11:49,655 views 23136 24684 user: LJ Group is logged in
INFO 2023-04-29 14:12:14,534 views 23136 20112 user: LJ Group is logged in
INFO 2023-04-29 14:12:23,770 views 23136 24684 user: LJ Group is logged in
INFO 2023-04-29 14:31:55,017 views 23136 24384 user: vasu is logged in
INFO 2023-04-29 22:25:14,340 views 620 3064 user: vasu is logged in
INFO 2023-04-30 00:12:16,629 views 11432 12300 user: vasu is logged in
INFO 2023-04-30 12:53:56,109 views 24324 24024 user: vasu is logged in
INFO 2023-04-30 14:09:24,105 views 3756 8132 user: AB Group is logged in
INFO 2023-04-30 14:10:43,117 views 3756 8132 user: yash is logged in
INFO 2023-04-30 14:26:43,216 views 12772 3208 user: yash is logged in
INFO 2023-04-30 16:07:35,912 views 20196 24720 user: ABC is logged in
INFO 2023-04-30 16:09:07,434 views 20196 10972 user: yash is logged in
INFO 2023-04-30 18:01:26,803 views 13092 22596 user: yash is logged in
INFO 2023-04-30 20:55:33,372 views 13092 2056 user: yash is logged in
INFO 2023-04-30 21:04:00,042 views 13092 11684 user: yash is logged in
INFO 2023-04-30 21:15:58,635 views 13092 17780 user: yash is logged in
INFO 2023-04-30 21:24:27,444 views 13092 23456 user: yash is logged in
INFO 2023-04-30 21:26:06,936 views 13092 23456 user: yash is logged in
INFO 2023-04-30 21:31:11,233 views 13092 28176 user: ABC is logged in
INFO 2023-04-30 21:32:12,956 views 13092 28176 user: ABC is logged in
INFO 2023-04-30 21:32:24,396 views 13092 19884 user: ABC is logged in
INFO 2023-04-30 21:40:42,809 views 13092 4188 user: yash is logged in
INFO 2023-04-30 21:51:21,846 views 13092 10256 user: yash is logged in
INFO 2023-04-30 21:52:15,584 views 13092 10256 user: yash is logged in
INFO 2023-04-30 22:00:36,991 views 23732 5100 user: yash is logged in
INFO 2023-04-30 22:29:12,514 views 23732 4728 user: yash is logged in
INFO 2023-04-30 22:29:34,520 views 23732 4728 user: ABC is logged in
INFO 2023-04-30 22:32:56,243 views 23732 22736 user: yash is logged in
INFO 2023-04-30 22:33:41,722 views 23732 22736 user: ABC is logged in
INFO 2023-04-30 22:45:43,776 views 24332 21812 user: ABC is logged in
INFO 2023-04-30 22:46:47,727 views 23852 6288 user: ABC is logged in
INFO 2023-04-30 22:48:15,705 views 28196 11312 user: ABC is logged in
INFO 2023-04-30 22:48:35,271 views 28196 11312 user: ABC is logged in
INFO 2023-04-30 22:48:59,535 views 14188 17004 user: ABC is logged in
INFO 2023-04-30 22:55:28,462 views 22672 10472 user: ABC is logged in
INFO 2023-04-30 23:27:01,077 views 22672 14936 user: darshan is logged in
INFO 2023-05-01 08:35:02,379 views 12784 8600 user: darshan is logged in
INFO 2023-05-01 08:41:00,429 views 12784 8228 user: infosis is logged in
INFO 2023-05-01 09:52:36,762 views 23140 2400 user: darshan is logged in
INFO 2023-05-01 09:56:30,494 views 23140 19124 user: darshan is logged in
INFO 2023-05-01 09:59:01,070 views 23140 26960 user: infosis is logged in
INFO 2023-05-01 10:58:09,536 views 14724 25576 user: darshan is logged in
INFO 2023-05-01 22:03:32,618 views 19668 5364 user: darshan is logged in
INFO 2023-05-01 22:04:18,511 views 19668 6980 user: infosis is logged in
INFO 2023-05-01 22:58:33,375 views 17368 24064 user: darshan is logged in
INFO 2023-05-01 23:00:28,649 views 17368 24064 user: infosis is logged in
INFO 2023-05-01 23:18:18,215 views 17368 20828 user: infosis is logged in
INFO 2023-05-01 23:50:41,962 views 17368 8204 user: darshan is logged in
INFO 2023-05-02 10:49:30,382 views 10988 26120 user: darshan is logged in
INFO 2023-05-02 11:44:20,345 views 21708 13052 user: darshan is logged in
INFO 2023-05-02 12:33:25,258 views 21708 25976 user: TATA is logged in
INFO 2023-05-02 12:49:24,053 views 28496 14544 user: darshan is logged in
INFO 2023-05-02 13:32:37,669 views 3536 11500 user: darshan is logged in
INFO 2023-05-02 14:19:11,373 views 15892 24640 user: darshan is logged in
INFO 2023-05-02 23:06:18,922 views 15892 3604 user: darshan is logged in
INFO 2023-05-03 01:33:02,070 views 2700 30756 user: parth  is logged in
INFO 2023-05-03 08:39:05,029 views 31148 28952 user: parth  is logged in
INFO 2023-05-03 08:39:36,711 views 31148 28952 user: parth  is logged in
INFO 2023-05-03 08:40:07,020 views 31148 28952 user: TCS is logged in
INFO 2023-05-03 09:16:07,861 views 31148 16556 user: parth  is logged in
INFO 2023-05-03 09:17:29,111 views 31148 16556 user: parth  is logged in
INFO 2023-05-03 09:18:05,394 views 31148 16556 user: parth  is logged in
INFO 2023-05-12 23:08:45,743 views 13176 16452 user: Dhruv is logged in
INFO 2023-06-06 19:27:22,760 views 6784 13576 user: Dhruv is logged in
INFO 2023-08-02 13:22:32,722 views 19020 16876 user: hihoriya is logged in
INFO 2023-08-03 13:01:26,683 views 7252 12492 user: hihoriya is logged in
INFO 2023-08-08 09:28:18,188 views 22612 2788 user: Dhruv is logged in
INFO 2023-08-16 23:23:15,668 views 4244 18284 user: Dhruv is logged in
INFO 2023-08-16 23:25:14,522 views 4244 18284 user: Dhruv is logged in
INFO 2023-08-24 12:37:01,795 views 20800 24620 user: hihoriya is logged in
INFO 2023-08-26 12:01:43,973 views 9736 26992 user: Dhruv is logged in
INFO 2023-08-26 12:03:06,118 views 9736 20288 user: Dhruv is logged in
INFO 2023-08-26 12:09:08,707 views 9736 16436 user: Dhruv is logged in
INFO 2023-08-26 21:10:02,837 views 19728 23988 user: yash is logged in
INFO 2023-08-30 13:01:10,058 views 6672 19224 user: yash is logged in
INFO 2023-08-30 13:01:36,950 views 6672 19748 user: yash is logged in
INFO 2023-09-01 12:17:44,324 views 3196 5764 user: yash is logged in
INFO 2023-09-01 23:09:51,929 views 7820 15116 user: yash is logged in
INFO 2023-09-01 23:10:51,274 views 7820 17288 user: yash is logged in
INFO 2023-09-01 23:11:04,558 views 7820 22060 user: yash is logged in
INFO 2023-09-01 23:13:53,838 views 7820 22944 user: yash is logged in
INFO 2023-09-01 23:14:07,110 views 7820 20068 user: yash is logged in
INFO 2023-09-02 09:58:37,276 views 13228 17056 user: newuser is logged in
INFO 2023-09-02 18:28:18,476 views 17132 20880 user: newuser is logged in
INFO 2023-09-02 18:28:40,277 views 17132 19756 user: newuser is logged in
INFO 2023-09-02 18:28:51,360 views 17132 7960 user: newuser is logged in
INFO 2023-09-02 18:44:06,739 views 17132 19628 user: newuser is logged in
INFO 2023-09-02 20:56:48,928 views 17132 13780 user: newuser is logged in
INFO 2023-09-02 20:58:13,271 views 17132 24560 user: newuser is logged in
INFO 2023-09-02 21:12:04,901 views 17132 19696 user: newuser is logged in
INFO 2023-09-02 21:21:02,316 views 17132 25236 user: newuser is logged in
INFO 2023-09-02 21:22:17,464 views 17132 19412 user: newuser is logged in
INFO 2023-09-02 21:22:30,962 views 17132 19716 user: newuser is logged in
INFO 2023-09-02 21:30:56,629 views 17132 20264 user: newuser is logged in
INFO 2023-09-02 21:31:58,649 views 17132 3172 user: newuser is logged in
INFO 2023-09-02 21:45:07,941 views 17132 25860 user: newuser is logged in
INFO 2023-09-02 21:46:29,774 views 17132 20716 user: newuser is logged in
INFO 2023-09-02 21:47:59,833 views 17132 27100 user: newuser is logged in
INFO 2023-09-02 21:51:38,028 views 17132 27664 user: newuser is logged in
INFO 2023-09-03 13:19:15,439 views 15208 16748 user: newuser is logged in
